<?xml version="1.0" encoding="utf-8"?><testsuites name="pytest tests"><testsuite name="pytest" errors="0" failures="0" skipped="0" tests="18" time="4.886" timestamp="2026-07-08T03:42:55.977373+00:00" hostname="agent-env-f7056f0a-7945-4266-b973-2c14b4af4fd5"><testcase classname="tests.test_dapurkita_backend.TestAuth" name="test_me_requires_bearer_token" time="0.210" /><testcase classname="tests.test_dapurkita_backend.TestAuth" name="test_me_with_seeded_session" time="0.114" /><testcase classname="tests.test_dapurkita_backend.TestAuth" name="test_me_invalid_token" time="0.149" /><testcase classname="tests.test_dapurkita_backend.TestHousehold" name="test_create_household_and_link" time="0.226" /><testcase classname="tests.test_dapurkita_backend.TestHousehold" name="test_join_household_valid_and_invalid" time="0.237" /><testcase classname="tests.test_dapurkita_backend.TestHousehold" name="test_join_invalid_code" time="0.105" /><testcase classname="tests.test_dapurkita_backend.TestHousehold" name="test_household_me_lists_members" time="0.196" /><testcase classname="tests.test_dapurkita_backend.TestRecipes" name="test_search_returns_sayur_asem" time="0.096" /><testcase classname="tests.test_dapurkita_backend.TestRecipes" name="test_search_empty_returns_list" time="0.098" /><testcase classname="tests.test_dapurkita_backend.TestFridge" name="test_fridge_crud_and_isolation" time="0.423" /><testcase classname="tests.test_dapurkita_backend.TestMealPlans" name="test_meal_plan_crud" time="0.394" /><testcase classname="tests.test_dapurkita_backend.TestMealPlans" name="test_week_start_calc_non_monday" time="0.194" /><testcase classname="tests.test_dapurkita_backend.TestGrocery" name="test_add_toggle_delete_auto_categorize" time="0.466" /><testcase classname="tests.test_dapurkita_backend.TestGrocery" name="test_generate_respects_fridge_and_dedupes" time="0.411" /><testcase classname="tests.test_dapurkita_backend.TestGrocery" name="test_realtime_sync_between_household_members" time="0.375" /><testcase classname="tests.test_dapurkita_backend.TestGrocery" name="test_isolation_across_households" time="0.236" /><testcase classname="tests.test_dapurkita_backend.TestArchiveHistory" name="test_archive_clears_active_lists" time="0.451" /><testcase classname="tests.test_dapurkita_backend.TestArchiveHistory" name="test_history_weeks_and_reuse" time="0.442" /></testsuite></testsuites>